[INFO][org.bksport.annotation.mvc.control.KIMServerCommand][AWT-EventQueue-0]: Connect to server: {host = localhost, port = 1099, username = null, password = null}
[INFO][org.bksport.annotation.mvc.control.KIMServerCommand][AWT-EventQueue-0]: Connect to server: {host = localhost, port = 1099, username = null, password = null}
[INFO][org.bksport.annotation.mvc.control.KIMServerCommand][AWT-EventQueue-0]: Connect to server: {host = localhost, port = 1099, username = null, password = null}
[INFO][org.bksport.annotation.mvc.control.KIMServerCommand][AWT-EventQueue-0]: Connect to server: {host = localhost, port = 1099, username = null, password = null}
[INFO][org.bksport.annotation.mvc.control.KIMServerCommand][AWT-EventQueue-0]: Connect to server: {host = localhost, port = 1099, username = null, password = null}
[INFO][org.bksport.annotation.mvc.control.KIMServerCommand][AWT-EventQueue-0]: Connect to server: {host = localhost, port = 1099, username = null, password = null}
[INFO][org.bksport.annotation.mvc.control.KIMServerCommand][AWT-EventQueue-0]: Connect to server: {host = localhost, port = 1099, username = null, password = null}
[INFO][org.bksport.annotation.mvc.control.KIMServerCommand][AWT-EventQueue-0]: Connect to server: {host = localhost, port = 1099, username = null, password = null}
[INFO][org.bksport.annotation.mvc.control.KIMServerCommand][AWT-EventQueue-0]: Connect to server: {host = localhost, port = 1099, username = null, password = null}
[INFO][org.bksport.annotation.mvc.control.KIMServerCommand][AWT-EventQueue-0]: Connect to server: {host = localhost, port = 1099, username = null, password = null}
[INFO][org.bksport.annotation.mvc.control.KIMServerCommand][AWT-EventQueue-0]: Connect to server: {host = localhost, port = 1099, username = null, password = null}
[INFO][org.bksport.annotation.mvc.control.KIMServerCommand][AWT-EventQueue-0]: Connect to server: {host = localhost, port = 1099, username = null, password = null}
[INFO][org.bksport.annotation.mvc.control.KIMServerCommand][AWT-EventQueue-0]: Connect to server: {host = localhost, port = 1099, username = null, password = null}
[INFO][org.bksport.annotation.mvc.control.KIMServerCommand][AWT-EventQueue-0]: Connect to server: {host = localhost, port = 1099, username = null, password = null}
[INFO][org.bksport.annotation.mvc.control.KIMServerCommand][AWT-EventQueue-0]: Connect to server: {host = localhost, port = 1099, username = null, password = null}
[INFO][org.bksport.annotation.mvc.control.KIMServerCommand][AWT-EventQueue-0]: Connect to server: {host = localhost, port = 1099, username = null, password = null}
[INFO][org.bksport.annotation.mvc.control.KIMServerCommand][AWT-EventQueue-0]: Connect to server: {host = localhost, port = 1099, username = null, password = null}
[INFO][org.bksport.annotation.mvc.control.KIMServerCommand][AWT-EventQueue-0]: Connect to server: {host = localhost, port = 1099, username = null, password = null}
[INFO][org.bksport.annotation.mvc.control.KIMServerCommand][AWT-EventQueue-0]: Connect to server: {host = localhost, port = 1099, username = null, password = null}
[ERROR][org.bksport.annotation.connector.KIMConnector][AWT-EventQueue-0]: java.rmi.RemoteException: Cannot connect to KIMService at localhost:1099, because of the following error: Connection refused to host: localhost; nested exception is: 
	java.net.ConnectException: Connection refused: connect; nested exception is: 
	java.rmi.ConnectException: Connection refused to host: localhost; nested exception is: 
	java.net.ConnectException: Connection refused: connect
	at com.ontotext.kim.client.GetService.connectToFactory(GetService.java:158)
	at com.ontotext.kim.client.GetService.from(GetService.java:124)
	at org.bksport.annotation.connector.KIMConnector.connect(KIMConnector.java:50)
	at org.bksport.annotation.mvc.control.KIMServerCommand.execute(KIMServerCommand.java:31)
	at org.puremvc.java.core.Controller.executeCommand(Unknown Source)
	at org.puremvc.java.core.Controller$1.onNotification(Unknown Source)
	at org.puremvc.java.patterns.observer.Observer.notifyObserver(Unknown Source)
	at org.puremvc.java.core.View.notifyObservers(Unknown Source)
	at org.puremvc.java.patterns.facade.Facade.notifyObservers(Unknown Source)
	at org.puremvc.java.patterns.facade.Facade.sendNotification(Unknown Source)
	at org.puremvc.java.patterns.facade.Facade.sendNotification(Unknown Source)
	at org.puremvc.java.patterns.observer.Notifier.sendNotification(Unknown Source)
	at org.bksport.annotation.mvc.view.ContainerMediator$1$3.actionPerformed(ContainerMediator.java:76)
	at javax.swing.AbstractButton.fireActionPerformed(AbstractButton.java:1995)
	at javax.swing.AbstractButton$Handler.actionPerformed(AbstractButton.java:2318)
	at javax.swing.DefaultButtonModel.fireActionPerformed(DefaultButtonModel.java:387)
	at javax.swing.DefaultButtonModel.setPressed(DefaultButtonModel.java:242)
	at javax.swing.plaf.basic.BasicButtonListener.mouseReleased(BasicButtonListener.java:236)
	at java.awt.AWTEventMulticaster.mouseReleased(AWTEventMulticaster.java:272)
	at java.awt.Component.processMouseEvent(Component.java:6297)
	at javax.swing.JComponent.processMouseEvent(JComponent.java:3275)
	at java.awt.Component.processEvent(Component.java:6062)
	at java.awt.Container.processEvent(Container.java:2039)
	at java.awt.Component.dispatchEventImpl(Component.java:4660)
	at java.awt.Container.dispatchEventImpl(Container.java:2097)
	at java.awt.Component.dispatchEvent(Component.java:4488)
	at java.awt.LightweightDispatcher.retargetMouseEvent(Container.java:4575)
	at java.awt.LightweightDispatcher.processMouseEvent(Container.java:4236)
	at java.awt.LightweightDispatcher.dispatchEvent(Container.java:4166)
	at java.awt.Container.dispatchEventImpl(Container.java:2083)
	at java.awt.Window.dispatchEventImpl(Window.java:2489)
	at java.awt.Component.dispatchEvent(Component.java:4488)
	at java.awt.EventQueue.dispatchEventImpl(EventQueue.java:674)
	at java.awt.EventQueue.access$400(EventQueue.java:81)
	at java.awt.EventQueue$2.run(EventQueue.java:633)
	at java.awt.EventQueue$2.run(EventQueue.java:631)
	at java.security.AccessController.doPrivileged(Native Method)
	at java.security.AccessControlContext$1.doIntersectionPrivilege(AccessControlContext.java:87)
	at java.security.AccessControlContext$1.doIntersectionPrivilege(AccessControlContext.java:98)
	at java.awt.EventQueue$3.run(EventQueue.java:647)
	at java.awt.EventQueue$3.run(EventQueue.java:645)
	at java.security.AccessController.doPrivileged(Native Method)
	at java.security.AccessControlContext$1.doIntersectionPrivilege(AccessControlContext.java:87)
	at java.awt.EventQueue.dispatchEvent(EventQueue.java:644)
	at java.awt.EventDispatchThread.pumpOneEventForFilters(EventDispatchThread.java:269)
	at java.awt.EventDispatchThread.pumpEventsForFilter(EventDispatchThread.java:184)
	at java.awt.EventDispatchThread.pumpEventsForHierarchy(EventDispatchThread.java:174)
	at java.awt.EventDispatchThread.pumpEvents(EventDispatchThread.java:169)
	at java.awt.EventDispatchThread.pumpEvents(EventDispatchThread.java:161)
	at java.awt.EventDispatchThread.run(EventDispatchThread.java:122)
Caused by: java.rmi.ConnectException: Connection refused to host: localhost; nested exception is: 
	java.net.ConnectException: Connection refused: connect
	at sun.rmi.transport.tcp.TCPEndpoint.newSocket(TCPEndpoint.java:601)
	at sun.rmi.transport.tcp.TCPChannel.createConnection(TCPChannel.java:198)
	at sun.rmi.transport.tcp.TCPChannel.newConnection(TCPChannel.java:184)
	at sun.rmi.server.UnicastRef.newCall(UnicastRef.java:322)
	at sun.rmi.registry.RegistryImpl_Stub.lookup(Unknown Source)
	at com.ontotext.kim.client.GetService.connectToFactory(GetService.java:152)
	... 49 more
Caused by: java.net.ConnectException: Connection refused: connect
	at java.net.PlainSocketImpl.socketConnect(Native Method)
	at java.net.PlainSocketImpl.doConnect(PlainSocketImpl.java:351)
	at java.net.PlainSocketImpl.connectToAddress(PlainSocketImpl.java:213)
	at java.net.PlainSocketImpl.connect(PlainSocketImpl.java:200)
	at java.net.SocksSocketImpl.connect(SocksSocketImpl.java:366)
	at java.net.Socket.connect(Socket.java:529)
	at java.net.Socket.connect(Socket.java:478)
	at java.net.Socket.<init>(Socket.java:375)
	at java.net.Socket.<init>(Socket.java:189)
	at sun.rmi.transport.proxy.RMIDirectSocketFactory.createSocket(RMIDirectSocketFactory.java:22)
	at sun.rmi.transport.proxy.RMIMasterSocketFactory.createSocket(RMIMasterSocketFactory.java:128)
	at sun.rmi.transport.tcp.TCPEndpoint.newSocket(TCPEndpoint.java:595)
	... 54 more

[INFO][org.bksport.annotation.mvc.control.KIMServerCommand][AWT-EventQueue-0]: Connect to server: {host = localhost, port = 1099, username = null, password = null}
[INFO][org.bksport.annotation.mvc.control.KIMServerCommand][AWT-EventQueue-0]: Connect to server: {host = localhost, port = 1099, username = null, password = null}
[INFO][org.bksport.annotation.mvc.control.KIMServerCommand][AWT-EventQueue-0]: Connect to server: {host = localhost, port = 1099, username = null, password = null}
[INFO][org.bksport.annotation.mvc.control.KIMServerCommand][AWT-EventQueue-0]: Connect to server: {host = localhost, port = 1099, username = null, password = null}
[INFO][org.bksport.annotation.mvc.control.KIMServerCommand][AWT-EventQueue-0]: Connect to server: {host = localhost, port = 1099, username = null, password = null}
[INFO][org.bksport.annotation.mvc.control.KIMServerCommand][AWT-EventQueue-0]: Connect to server: {host = localhost, port = 1099, username = null, password = null}
[INFO][org.bksport.annotation.mvc.control.KIMServerCommand][AWT-EventQueue-0]: Connect to server: {host = localhost, port = 1099, username = null, password = null}
[INFO][org.bksport.annotation.mvc.control.KIMServerCommand][AWT-EventQueue-0]: Connect to server: {host = localhost, port = 1099, username = null, password = null}
[ERROR][org.bksport.annotation.connector.KIMConnector][SwingWorker-pool-2-thread-1]: java.rmi.RemoteException: Failed to execute KIM NERC.; nested exception is: 
	java.lang.IllegalArgumentException: Could not find a GATE application named:null
	at com.ontotext.kim.semanticannotation.SemanticAnnotationAPIImpl.execute(SemanticAnnotationAPIImpl.java:47)
	at sun.reflect.NativeMethodAccessorImpl.invoke0(Native Method)
	at sun.reflect.NativeMethodAccessorImpl.invoke(NativeMethodAccessorImpl.java:39)
	at sun.reflect.DelegatingMethodAccessorImpl.invoke(DelegatingMethodAccessorImpl.java:25)
	at java.lang.reflect.Method.invoke(Method.java:597)
	at org.openrdf.util.rmirouting.ChannelIfaceImpl.invoke(ChannelIfaceImpl.java:513)
	at sun.reflect.GeneratedMethodAccessor12.invoke(Unknown Source)
	at sun.reflect.DelegatingMethodAccessorImpl.invoke(DelegatingMethodAccessorImpl.java:25)
	at java.lang.reflect.Method.invoke(Method.java:597)
	at sun.rmi.server.UnicastServerRef.dispatch(UnicastServerRef.java:303)
	at sun.rmi.transport.Transport$1.run(Transport.java:159)
	at java.security.AccessController.doPrivileged(Native Method)
	at sun.rmi.transport.Transport.serviceCall(Transport.java:155)
	at sun.rmi.transport.tcp.TCPTransport.handleMessages(TCPTransport.java:535)
	at sun.rmi.transport.tcp.TCPTransport$ConnectionHandler.run0(TCPTransport.java:790)
	at sun.rmi.transport.tcp.TCPTransport$ConnectionHandler.run(TCPTransport.java:649)
	at java.util.concurrent.ThreadPoolExecutor$Worker.runTask(ThreadPoolExecutor.java:895)
	at java.util.concurrent.ThreadPoolExecutor$Worker.run(ThreadPoolExecutor.java:918)
	at java.lang.Thread.run(Thread.java:662)
Caused by: java.lang.IllegalArgumentException: Could not find a GATE application named:null
	at com.ontotext.kim.semanticannotation.GateServiceFactory.release(GateServiceFactory.java:141)
	at com.ontotext.kim.semanticannotation.OnDemandSemanticAnnotationFactory.release(OnDemandSemanticAnnotationFactory.java:52)
	at com.ontotext.kim.semanticannotation.SemanticAnnotationAPIImpl.nercExecute(SemanticAnnotationAPIImpl.java:61)
	at com.ontotext.kim.semanticannotation.SemanticAnnotationAPIImpl.execute(SemanticAnnotationAPIImpl.java:39)
	... 18 more

[ERROR][org.bksport.annotation.connector.KIMConnector][SwingWorker-pool-2-thread-2]: java.rmi.RemoteException: Failed to execute KIM NERC.; nested exception is: 
	java.lang.IllegalArgumentException: Could not find a GATE application named:null
	at com.ontotext.kim.semanticannotation.SemanticAnnotationAPIImpl.execute(SemanticAnnotationAPIImpl.java:47)
	at sun.reflect.NativeMethodAccessorImpl.invoke0(Native Method)
	at sun.reflect.NativeMethodAccessorImpl.invoke(NativeMethodAccessorImpl.java:39)
	at sun.reflect.DelegatingMethodAccessorImpl.invoke(DelegatingMethodAccessorImpl.java:25)
	at java.lang.reflect.Method.invoke(Method.java:597)
	at org.openrdf.util.rmirouting.ChannelIfaceImpl.invoke(ChannelIfaceImpl.java:513)
	at sun.reflect.GeneratedMethodAccessor12.invoke(Unknown Source)
	at sun.reflect.DelegatingMethodAccessorImpl.invoke(DelegatingMethodAccessorImpl.java:25)
	at java.lang.reflect.Method.invoke(Method.java:597)
	at sun.rmi.server.UnicastServerRef.dispatch(UnicastServerRef.java:303)
	at sun.rmi.transport.Transport$1.run(Transport.java:159)
	at java.security.AccessController.doPrivileged(Native Method)
	at sun.rmi.transport.Transport.serviceCall(Transport.java:155)
	at sun.rmi.transport.tcp.TCPTransport.handleMessages(TCPTransport.java:535)
	at sun.rmi.transport.tcp.TCPTransport$ConnectionHandler.run0(TCPTransport.java:790)
	at sun.rmi.transport.tcp.TCPTransport$ConnectionHandler.run(TCPTransport.java:649)
	at java.util.concurrent.ThreadPoolExecutor$Worker.runTask(ThreadPoolExecutor.java:895)
	at java.util.concurrent.ThreadPoolExecutor$Worker.run(ThreadPoolExecutor.java:918)
	at java.lang.Thread.run(Thread.java:662)
Caused by: java.lang.IllegalArgumentException: Could not find a GATE application named:null
	at com.ontotext.kim.semanticannotation.GateServiceFactory.release(GateServiceFactory.java:141)
	at com.ontotext.kim.semanticannotation.OnDemandSemanticAnnotationFactory.release(OnDemandSemanticAnnotationFactory.java:52)
	at com.ontotext.kim.semanticannotation.SemanticAnnotationAPIImpl.nercExecute(SemanticAnnotationAPIImpl.java:61)
	at com.ontotext.kim.semanticannotation.SemanticAnnotationAPIImpl.execute(SemanticAnnotationAPIImpl.java:39)
	... 18 more

[ERROR][org.bksport.annotation.connector.KIMConnector][SwingWorker-pool-2-thread-3]: java.rmi.RemoteException: Failed to execute KIM NERC.; nested exception is: 
	java.lang.IllegalArgumentException: Could not find a GATE application named:null
	at com.ontotext.kim.semanticannotation.SemanticAnnotationAPIImpl.execute(SemanticAnnotationAPIImpl.java:47)
	at sun.reflect.NativeMethodAccessorImpl.invoke0(Native Method)
	at sun.reflect.NativeMethodAccessorImpl.invoke(NativeMethodAccessorImpl.java:39)
	at sun.reflect.DelegatingMethodAccessorImpl.invoke(DelegatingMethodAccessorImpl.java:25)
	at java.lang.reflect.Method.invoke(Method.java:597)
	at org.openrdf.util.rmirouting.ChannelIfaceImpl.invoke(ChannelIfaceImpl.java:513)
	at sun.reflect.GeneratedMethodAccessor12.invoke(Unknown Source)
	at sun.reflect.DelegatingMethodAccessorImpl.invoke(DelegatingMethodAccessorImpl.java:25)
	at java.lang.reflect.Method.invoke(Method.java:597)
	at sun.rmi.server.UnicastServerRef.dispatch(UnicastServerRef.java:303)
	at sun.rmi.transport.Transport$1.run(Transport.java:159)
	at java.security.AccessController.doPrivileged(Native Method)
	at sun.rmi.transport.Transport.serviceCall(Transport.java:155)
	at sun.rmi.transport.tcp.TCPTransport.handleMessages(TCPTransport.java:535)
	at sun.rmi.transport.tcp.TCPTransport$ConnectionHandler.run0(TCPTransport.java:790)
	at sun.rmi.transport.tcp.TCPTransport$ConnectionHandler.run(TCPTransport.java:649)
	at java.util.concurrent.ThreadPoolExecutor$Worker.runTask(ThreadPoolExecutor.java:895)
	at java.util.concurrent.ThreadPoolExecutor$Worker.run(ThreadPoolExecutor.java:918)
	at java.lang.Thread.run(Thread.java:662)
Caused by: java.lang.IllegalArgumentException: Could not find a GATE application named:null
	at com.ontotext.kim.semanticannotation.GateServiceFactory.release(GateServiceFactory.java:141)
	at com.ontotext.kim.semanticannotation.OnDemandSemanticAnnotationFactory.release(OnDemandSemanticAnnotationFactory.java:52)
	at com.ontotext.kim.semanticannotation.SemanticAnnotationAPIImpl.nercExecute(SemanticAnnotationAPIImpl.java:61)
	at com.ontotext.kim.semanticannotation.SemanticAnnotationAPIImpl.execute(SemanticAnnotationAPIImpl.java:39)
	... 18 more

[INFO][org.bksport.annotation.mvc.control.KIMServerCommand][AWT-EventQueue-0]: Connect to server: {host = localhost, port = 1099, username = null, password = null}
[ERROR][org.bksport.annotation.connector.KIMConnector][SwingWorker-pool-2-thread-4]: java.rmi.RemoteException: Failed to execute KIM NERC.; nested exception is: 
	java.lang.IllegalArgumentException: Could not find a GATE application named:null
	at com.ontotext.kim.semanticannotation.SemanticAnnotationAPIImpl.execute(SemanticAnnotationAPIImpl.java:47)
	at sun.reflect.NativeMethodAccessorImpl.invoke0(Native Method)
	at sun.reflect.NativeMethodAccessorImpl.invoke(NativeMethodAccessorImpl.java:39)
	at sun.reflect.DelegatingMethodAccessorImpl.invoke(DelegatingMethodAccessorImpl.java:25)
	at java.lang.reflect.Method.invoke(Method.java:597)
	at org.openrdf.util.rmirouting.ChannelIfaceImpl.invoke(ChannelIfaceImpl.java:513)
	at sun.reflect.GeneratedMethodAccessor12.invoke(Unknown Source)
	at sun.reflect.DelegatingMethodAccessorImpl.invoke(DelegatingMethodAccessorImpl.java:25)
	at java.lang.reflect.Method.invoke(Method.java:597)
	at sun.rmi.server.UnicastServerRef.dispatch(UnicastServerRef.java:303)
	at sun.rmi.transport.Transport$1.run(Transport.java:159)
	at java.security.AccessController.doPrivileged(Native Method)
	at sun.rmi.transport.Transport.serviceCall(Transport.java:155)
	at sun.rmi.transport.tcp.TCPTransport.handleMessages(TCPTransport.java:535)
	at sun.rmi.transport.tcp.TCPTransport$ConnectionHandler.run0(TCPTransport.java:790)
	at sun.rmi.transport.tcp.TCPTransport$ConnectionHandler.run(TCPTransport.java:649)
	at java.util.concurrent.ThreadPoolExecutor$Worker.runTask(ThreadPoolExecutor.java:895)
	at java.util.concurrent.ThreadPoolExecutor$Worker.run(ThreadPoolExecutor.java:918)
	at java.lang.Thread.run(Thread.java:662)
Caused by: java.lang.IllegalArgumentException: Could not find a GATE application named:null
	at com.ontotext.kim.semanticannotation.GateServiceFactory.release(GateServiceFactory.java:141)
	at com.ontotext.kim.semanticannotation.OnDemandSemanticAnnotationFactory.release(OnDemandSemanticAnnotationFactory.java:52)
	at com.ontotext.kim.semanticannotation.SemanticAnnotationAPIImpl.nercExecute(SemanticAnnotationAPIImpl.java:61)
	at com.ontotext.kim.semanticannotation.SemanticAnnotationAPIImpl.execute(SemanticAnnotationAPIImpl.java:39)
	... 18 more

[ERROR][org.bksport.annotation.connector.KIMConnector][SwingWorker-pool-2-thread-5]: java.rmi.RemoteException: Failed to execute KIM NERC.; nested exception is: 
	java.lang.IllegalArgumentException: Could not find a GATE application named:null
	at com.ontotext.kim.semanticannotation.SemanticAnnotationAPIImpl.execute(SemanticAnnotationAPIImpl.java:47)
	at sun.reflect.NativeMethodAccessorImpl.invoke0(Native Method)
	at sun.reflect.NativeMethodAccessorImpl.invoke(NativeMethodAccessorImpl.java:39)
	at sun.reflect.DelegatingMethodAccessorImpl.invoke(DelegatingMethodAccessorImpl.java:25)
	at java.lang.reflect.Method.invoke(Method.java:597)
	at org.openrdf.util.rmirouting.ChannelIfaceImpl.invoke(ChannelIfaceImpl.java:513)
	at sun.reflect.GeneratedMethodAccessor12.invoke(Unknown Source)
	at sun.reflect.DelegatingMethodAccessorImpl.invoke(DelegatingMethodAccessorImpl.java:25)
	at java.lang.reflect.Method.invoke(Method.java:597)
	at sun.rmi.server.UnicastServerRef.dispatch(UnicastServerRef.java:303)
	at sun.rmi.transport.Transport$1.run(Transport.java:159)
	at java.security.AccessController.doPrivileged(Native Method)
	at sun.rmi.transport.Transport.serviceCall(Transport.java:155)
	at sun.rmi.transport.tcp.TCPTransport.handleMessages(TCPTransport.java:535)
	at sun.rmi.transport.tcp.TCPTransport$ConnectionHandler.run0(TCPTransport.java:790)
	at sun.rmi.transport.tcp.TCPTransport$ConnectionHandler.run(TCPTransport.java:649)
	at java.util.concurrent.ThreadPoolExecutor$Worker.runTask(ThreadPoolExecutor.java:895)
	at java.util.concurrent.ThreadPoolExecutor$Worker.run(ThreadPoolExecutor.java:918)
	at java.lang.Thread.run(Thread.java:662)
Caused by: java.lang.IllegalArgumentException: Could not find a GATE application named:null
	at com.ontotext.kim.semanticannotation.GateServiceFactory.release(GateServiceFactory.java:141)
	at com.ontotext.kim.semanticannotation.OnDemandSemanticAnnotationFactory.release(OnDemandSemanticAnnotationFactory.java:52)
	at com.ontotext.kim.semanticannotation.SemanticAnnotationAPIImpl.nercExecute(SemanticAnnotationAPIImpl.java:61)
	at com.ontotext.kim.semanticannotation.SemanticAnnotationAPIImpl.execute(SemanticAnnotationAPIImpl.java:39)
	... 18 more

[ERROR][org.bksport.annotation.connector.KIMConnector][SwingWorker-pool-2-thread-6]: java.rmi.RemoteException: Failed to execute KIM NERC.; nested exception is: 
	java.lang.IllegalArgumentException: Could not find a GATE application named:null
	at com.ontotext.kim.semanticannotation.SemanticAnnotationAPIImpl.execute(SemanticAnnotationAPIImpl.java:47)
	at sun.reflect.NativeMethodAccessorImpl.invoke0(Native Method)
	at sun.reflect.NativeMethodAccessorImpl.invoke(NativeMethodAccessorImpl.java:39)
	at sun.reflect.DelegatingMethodAccessorImpl.invoke(DelegatingMethodAccessorImpl.java:25)
	at java.lang.reflect.Method.invoke(Method.java:597)
	at org.openrdf.util.rmirouting.ChannelIfaceImpl.invoke(ChannelIfaceImpl.java:513)
	at sun.reflect.GeneratedMethodAccessor12.invoke(Unknown Source)
	at sun.reflect.DelegatingMethodAccessorImpl.invoke(DelegatingMethodAccessorImpl.java:25)
	at java.lang.reflect.Method.invoke(Method.java:597)
	at sun.rmi.server.UnicastServerRef.dispatch(UnicastServerRef.java:303)
	at sun.rmi.transport.Transport$1.run(Transport.java:159)
	at java.security.AccessController.doPrivileged(Native Method)
	at sun.rmi.transport.Transport.serviceCall(Transport.java:155)
	at sun.rmi.transport.tcp.TCPTransport.handleMessages(TCPTransport.java:535)
	at sun.rmi.transport.tcp.TCPTransport$ConnectionHandler.run0(TCPTransport.java:790)
	at sun.rmi.transport.tcp.TCPTransport$ConnectionHandler.run(TCPTransport.java:649)
	at java.util.concurrent.ThreadPoolExecutor$Worker.runTask(ThreadPoolExecutor.java:895)
	at java.util.concurrent.ThreadPoolExecutor$Worker.run(ThreadPoolExecutor.java:918)
	at java.lang.Thread.run(Thread.java:662)
Caused by: java.lang.IllegalArgumentException: Could not find a GATE application named:null
	at com.ontotext.kim.semanticannotation.GateServiceFactory.release(GateServiceFactory.java:141)
	at com.ontotext.kim.semanticannotation.OnDemandSemanticAnnotationFactory.release(OnDemandSemanticAnnotationFactory.java:52)
	at com.ontotext.kim.semanticannotation.SemanticAnnotationAPIImpl.nercExecute(SemanticAnnotationAPIImpl.java:61)
	at com.ontotext.kim.semanticannotation.SemanticAnnotationAPIImpl.execute(SemanticAnnotationAPIImpl.java:39)
	... 18 more

[ERROR][org.bksport.annotation.connector.KIMConnector][SwingWorker-pool-2-thread-7]: java.rmi.RemoteException: Failed to execute KIM NERC.; nested exception is: 
	java.lang.IllegalArgumentException: Could not find a GATE application named:null
	at com.ontotext.kim.semanticannotation.SemanticAnnotationAPIImpl.execute(SemanticAnnotationAPIImpl.java:47)
	at sun.reflect.NativeMethodAccessorImpl.invoke0(Native Method)
	at sun.reflect.NativeMethodAccessorImpl.invoke(NativeMethodAccessorImpl.java:39)
	at sun.reflect.DelegatingMethodAccessorImpl.invoke(DelegatingMethodAccessorImpl.java:25)
	at java.lang.reflect.Method.invoke(Method.java:597)
	at org.openrdf.util.rmirouting.ChannelIfaceImpl.invoke(ChannelIfaceImpl.java:513)
	at sun.reflect.GeneratedMethodAccessor12.invoke(Unknown Source)
	at sun.reflect.DelegatingMethodAccessorImpl.invoke(DelegatingMethodAccessorImpl.java:25)
	at java.lang.reflect.Method.invoke(Method.java:597)
	at sun.rmi.server.UnicastServerRef.dispatch(UnicastServerRef.java:303)
	at sun.rmi.transport.Transport$1.run(Transport.java:159)
	at java.security.AccessController.doPrivileged(Native Method)
	at sun.rmi.transport.Transport.serviceCall(Transport.java:155)
	at sun.rmi.transport.tcp.TCPTransport.handleMessages(TCPTransport.java:535)
	at sun.rmi.transport.tcp.TCPTransport$ConnectionHandler.run0(TCPTransport.java:790)
	at sun.rmi.transport.tcp.TCPTransport$ConnectionHandler.run(TCPTransport.java:649)
	at java.util.concurrent.ThreadPoolExecutor$Worker.runTask(ThreadPoolExecutor.java:895)
	at java.util.concurrent.ThreadPoolExecutor$Worker.run(ThreadPoolExecutor.java:918)
	at java.lang.Thread.run(Thread.java:662)
Caused by: java.lang.IllegalArgumentException: Could not find a GATE application named:null
	at com.ontotext.kim.semanticannotation.GateServiceFactory.release(GateServiceFactory.java:141)
	at com.ontotext.kim.semanticannotation.OnDemandSemanticAnnotationFactory.release(OnDemandSemanticAnnotationFactory.java:52)
	at com.ontotext.kim.semanticannotation.SemanticAnnotationAPIImpl.nercExecute(SemanticAnnotationAPIImpl.java:61)
	at com.ontotext.kim.semanticannotation.SemanticAnnotationAPIImpl.execute(SemanticAnnotationAPIImpl.java:39)
	... 18 more

[ERROR][org.bksport.annotation.connector.KIMConnector][SwingWorker-pool-2-thread-8]: java.rmi.RemoteException: Failed to execute KIM NERC.; nested exception is: 
	java.lang.IllegalArgumentException: Could not find a GATE application named:null
	at com.ontotext.kim.semanticannotation.SemanticAnnotationAPIImpl.execute(SemanticAnnotationAPIImpl.java:47)
	at sun.reflect.GeneratedMethodAccessor24.invoke(Unknown Source)
	at sun.reflect.DelegatingMethodAccessorImpl.invoke(DelegatingMethodAccessorImpl.java:25)
	at java.lang.reflect.Method.invoke(Method.java:597)
	at org.openrdf.util.rmirouting.ChannelIfaceImpl.invoke(ChannelIfaceImpl.java:513)
	at sun.reflect.GeneratedMethodAccessor12.invoke(Unknown Source)
	at sun.reflect.DelegatingMethodAccessorImpl.invoke(DelegatingMethodAccessorImpl.java:25)
	at java.lang.reflect.Method.invoke(Method.java:597)
	at sun.rmi.server.UnicastServerRef.dispatch(UnicastServerRef.java:303)
	at sun.rmi.transport.Transport$1.run(Transport.java:159)
	at java.security.AccessController.doPrivileged(Native Method)
	at sun.rmi.transport.Transport.serviceCall(Transport.java:155)
	at sun.rmi.transport.tcp.TCPTransport.handleMessages(TCPTransport.java:535)
	at sun.rmi.transport.tcp.TCPTransport$ConnectionHandler.run0(TCPTransport.java:790)
	at sun.rmi.transport.tcp.TCPTransport$ConnectionHandler.run(TCPTransport.java:649)
	at java.util.concurrent.ThreadPoolExecutor$Worker.runTask(ThreadPoolExecutor.java:895)
	at java.util.concurrent.ThreadPoolExecutor$Worker.run(ThreadPoolExecutor.java:918)
	at java.lang.Thread.run(Thread.java:662)
Caused by: java.lang.IllegalArgumentException: Could not find a GATE application named:null
	at com.ontotext.kim.semanticannotation.GateServiceFactory.release(GateServiceFactory.java:141)
	at com.ontotext.kim.semanticannotation.OnDemandSemanticAnnotationFactory.release(OnDemandSemanticAnnotationFactory.java:52)
	at com.ontotext.kim.semanticannotation.SemanticAnnotationAPIImpl.nercExecute(SemanticAnnotationAPIImpl.java:61)
	at com.ontotext.kim.semanticannotation.SemanticAnnotationAPIImpl.execute(SemanticAnnotationAPIImpl.java:39)
	... 17 more

[ERROR][org.bksport.annotation.connector.KIMConnector][SwingWorker-pool-2-thread-9]: java.rmi.RemoteException: Failed to execute KIM NERC.; nested exception is: 
	java.lang.IllegalArgumentException: Could not find a GATE application named:null
	at com.ontotext.kim.semanticannotation.SemanticAnnotationAPIImpl.execute(SemanticAnnotationAPIImpl.java:47)
	at sun.reflect.GeneratedMethodAccessor24.invoke(Unknown Source)
	at sun.reflect.DelegatingMethodAccessorImpl.invoke(DelegatingMethodAccessorImpl.java:25)
	at java.lang.reflect.Method.invoke(Method.java:597)
	at org.openrdf.util.rmirouting.ChannelIfaceImpl.invoke(ChannelIfaceImpl.java:513)
	at sun.reflect.GeneratedMethodAccessor12.invoke(Unknown Source)
	at sun.reflect.DelegatingMethodAccessorImpl.invoke(DelegatingMethodAccessorImpl.java:25)
	at java.lang.reflect.Method.invoke(Method.java:597)
	at sun.rmi.server.UnicastServerRef.dispatch(UnicastServerRef.java:303)
	at sun.rmi.transport.Transport$1.run(Transport.java:159)
	at java.security.AccessController.doPrivileged(Native Method)
	at sun.rmi.transport.Transport.serviceCall(Transport.java:155)
	at sun.rmi.transport.tcp.TCPTransport.handleMessages(TCPTransport.java:535)
	at sun.rmi.transport.tcp.TCPTransport$ConnectionHandler.run0(TCPTransport.java:790)
	at sun.rmi.transport.tcp.TCPTransport$ConnectionHandler.run(TCPTransport.java:649)
	at java.util.concurrent.ThreadPoolExecutor$Worker.runTask(ThreadPoolExecutor.java:895)
	at java.util.concurrent.ThreadPoolExecutor$Worker.run(ThreadPoolExecutor.java:918)
	at java.lang.Thread.run(Thread.java:662)
Caused by: java.lang.IllegalArgumentException: Could not find a GATE application named:null
	at com.ontotext.kim.semanticannotation.GateServiceFactory.release(GateServiceFactory.java:141)
	at com.ontotext.kim.semanticannotation.OnDemandSemanticAnnotationFactory.release(OnDemandSemanticAnnotationFactory.java:52)
	at com.ontotext.kim.semanticannotation.SemanticAnnotationAPIImpl.nercExecute(SemanticAnnotationAPIImpl.java:61)
	at com.ontotext.kim.semanticannotation.SemanticAnnotationAPIImpl.execute(SemanticAnnotationAPIImpl.java:39)
	... 17 more

